c:\users\rambutan\documents\graf\gdgrafactualamar\gdgrafactualamar\x64\debug\vc143.pdb
c:\users\rambutan\documents\graf\gdgrafactualamar\gdgrafactualamar\x64\debug\vc143.idb
c:\users\rambutan\documents\graf\gdgrafactualamar\gdgrafactualamar\x64\debug\glad.obj
c:\users\rambutan\documents\graf\gdgrafactualamar\gdgrafactualamar\x64\debug\gdgrafactualamar.obj
c:\users\rambutan\documents\graf\gdgrafactualamar\x64\debug\sam.frag
c:\users\rambutan\documents\graf\gdgrafactualamar\x64\debug\sam.vert
c:\users\rambutan\documents\graf\gdgrafactualamar\x64\debug\gdgrafactualamar.exe
c:\users\rambutan\documents\graf\gdgrafactualamar\x64\debug\gdgrafactualamar.pdb
c:\users\rambutan\documents\graf\gdgrafactualamar\gdgrafactualamar\x64\debug\gdgrafactualamar.ilk
c:\users\rambutan\documents\graf\gdgrafactualamar\gdgrafactualamar\x64\debug\gdgrafactualamar.tlog\cl.command.1.tlog
c:\users\rambutan\documents\graf\gdgrafactualamar\gdgrafactualamar\x64\debug\gdgrafactualamar.tlog\cl.items.tlog
c:\users\rambutan\documents\graf\gdgrafactualamar\gdgrafactualamar\x64\debug\gdgrafactualamar.tlog\cl.read.1.tlog
c:\users\rambutan\documents\graf\gdgrafactualamar\gdgrafactualamar\x64\debug\gdgrafactualamar.tlog\cl.write.1.tlog
c:\users\rambutan\documents\graf\gdgrafactualamar\gdgrafactualamar\x64\debug\gdgrafactualamar.tlog\copyfile.command.1.tlog
c:\users\rambutan\documents\graf\gdgrafactualamar\gdgrafactualamar\x64\debug\gdgrafactualamar.tlog\copyfile.read.1.tlog
c:\users\rambutan\documents\graf\gdgrafactualamar\gdgrafactualamar\x64\debug\gdgrafactualamar.tlog\copyfile.write.1.tlog
c:\users\rambutan\documents\graf\gdgrafactualamar\gdgrafactualamar\x64\debug\gdgrafactualamar.tlog\link.command.1.tlog
c:\users\rambutan\documents\graf\gdgrafactualamar\gdgrafactualamar\x64\debug\gdgrafactualamar.tlog\link.read.1.tlog
c:\users\rambutan\documents\graf\gdgrafactualamar\gdgrafactualamar\x64\debug\gdgrafactualamar.tlog\link.secondary.1.tlog
c:\users\rambutan\documents\graf\gdgrafactualamar\gdgrafactualamar\x64\debug\gdgrafactualamar.tlog\link.write.1.tlog
